0 info it worked if it ends with ok
1 verbose cli [ 'C:\\Program Files\\nodejs\\node.exe',
1 verbose cli   'C:\\Program Files\\nodejs\\node_modules\\npm\\bin\\npm-cli.js',
1 verbose cli   'publish' ]
2 info using npm@3.10.8
3 info using node@v6.9.1
4 verbose publish [ '.' ]
5 silly cache add args [ '.', null ]
6 verbose cache add spec .
7 silly cache add parsed spec Result {
7 silly cache add   raw: '.',
7 silly cache add   scope: null,
7 silly cache add   escapedName: null,
7 silly cache add   name: null,
7 silly cache add   rawSpec: '.',
7 silly cache add   spec: 'C:\\work\\grunt-msbuild',
7 silly cache add   type: 'directory' }
8 verbose addLocalDirectory C:\Users\steve\AppData\Roaming\npm-cache\grunt-msbuild\0.3.7\package.tgz not in flight; packing
9 verbose correctMkdir C:\Users\steve\AppData\Roaming\npm-cache correctMkdir not in flight; initializing
10 info lifecycle grunt-msbuild@0.3.7~prepublish: grunt-msbuild@0.3.7
11 silly lifecycle grunt-msbuild@0.3.7~prepublish: no script for prepublish, continuing
12 verbose tar pack [ 'C:\\Users\\steve\\AppData\\Roaming\\npm-cache\\grunt-msbuild\\0.3.7\\package.tgz',
12 verbose tar pack   'C:\\work\\grunt-msbuild' ]
13 verbose tarball C:\Users\steve\AppData\Roaming\npm-cache\grunt-msbuild\0.3.7\package.tgz
14 verbose folder C:\work\grunt-msbuild
15 verbose addLocalTarball adding from inside cache C:\Users\steve\AppData\Roaming\npm-cache\grunt-msbuild\0.3.7\package.tgz
16 verbose correctMkdir C:\Users\steve\AppData\Roaming\npm-cache correctMkdir not in flight; initializing
17 silly cache afterAdd grunt-msbuild@0.3.7
18 verbose afterAdd C:\Users\steve\AppData\Roaming\npm-cache\grunt-msbuild\0.3.7\package\package.json not in flight; writing
19 verbose correctMkdir C:\Users\steve\AppData\Roaming\npm-cache correctMkdir not in flight; initializing
20 verbose afterAdd C:\Users\steve\AppData\Roaming\npm-cache\grunt-msbuild\0.3.7\package\package.json written
21 silly publish { name: 'grunt-msbuild',
21 silly publish   version: '0.3.7',
21 silly publish   description: 'Build projects with MSBuild and XBuild using Grunt',
21 silly publish   main: 'index.js',
21 silly publish   scripts: { test: 'echo "Error: no test specified" && exit 1' },
21 silly publish   repository:
21 silly publish    { type: 'git',
21 silly publish      url: 'git://github.com/stevewillcock/grunt-msbuild.git' },
21 silly publish   keywords: [ 'gruntplugin', 'msbuild' ],
21 silly publish   author: { name: 'Steve Willcock' },
21 silly publish   license: 'BSD',
21 silly publish   dependencies: { async: '~0.2.9' },
21 silly publish   readme: '# grunt-msbuild\n\nBuild projects with MSBuild and XBuild using Grunt\n\n## Getting Started\nThis plugin requires Grunt `~0.4.0`. In other words it should work on 0.4.0 or higher.\n\nIf you haven\'t used [Grunt](http://gruntjs.com/) before, be sure to check out the [Getting Started](http://gruntjs.com/getting-started) guide, as it explains how to create a [Gruntfile](http://gruntjs.com/sample-gruntfile) as well as install and use Grunt plugins. Once you\'re familiar with that process, you may install this plugin with this command:\n\n```shell\nnpm install grunt-msbuild --save-dev\n```\n\nOnce the plugin has been installed, it may be enabled inside your Gruntfile with this line of JavaScript:\n\n```js\ngrunt.loadNpmTasks(\'grunt-msbuild\');\n```\n\n## The "msbuild" task\n\n### Overview\nIn your project\'s Gruntfile, add a section named `msbuild` to the data object passed into `grunt.initConfig()`.\n\n```js\ngrunt.initConfig({\n    msbuild: {\n        dev: {\n            src: [\'ConsoleApplication5.csproj\'],\n            options: {\n                projectConfiguration: \'Debug\',\n                targets: [\'Clean\', \'Rebuild\'],\n                version: 4.0,\n                maxCpuCount: 4,\n                buildParameters: {\n                    WarningLevel: 2\n                },\n                nodeReuse:false,\n                customArgs:[ \'/noautoresponse\', \'/detailedsummary\'],\n                verbosity: \'quiet\'\n            }\n        }\n    }\n});\n```\n\n### Options\n\n| Name                    | Description               | Default\n|------------------------ |-------------------------- | -------\n| projectConfiguration    | Configuration to pick     | Release\n| targets                 | Targets to run            | Build\n| version                 | .NET version              | 4.0\n| maxCpuCount             | Number of cores to use    | 1\n| nodeReuse               | If msbuild should hang around    | false\n| consoleLoggerParameters | Customize Console Logger\n| buildParameters         | Additional [properties](http://msdn.microsoft.com/en-us/library/ms171458.aspx)\n| customArgs              | Additional args, see [MSBuild Command-Line Reference](http://msdn.microsoft.com/en-us/library/ms164311.aspx)\n| verbosity               | Verbosity level (quiet, minimal, normal, detailed or diagnostic) | normal\n\nFor more information, see [MSBuild Command-Line Reference](http://msdn.microsoft.com/en-us/library/ms164311.aspx).\n\n## MSBuild version selection\nPass a version parameter to the task options as shown above to select a specific MSBuild version.\n\nThe version number is used to look up the MSBuild executable. Old MSBuild versions are installed to the corresponding .NET Framework directory (under `C:\\Windows\\Microsoft.NET\\Framework`). Recent MSBuild versions are installed to program files (`C:\\Program Files (x86)\\MSBuild`). The following version mappings are used:\n\n|Version| .NET Framework directory|\n|-------|-------------------------|\n|1.0|1.0.3705|\n|1.1|1.1.4322|\n|2.0|2.0.50727|\n|3.5|3.5|\n|4.0|4.0.30319|\n\n|Version|MSBuild directory|\n|-------|-----------------|\n|12.0|12.0|\n|14.0|14.0|\n\nIf a version is not passed, the task will attempt to locate the latest version of MSBuild. Failing that, the task will fallback to 4.0.\n\n## XBuild\nIf this task is run on OS X or Linux it will assume that xbuild is in the path and use that instead of MSBuild.\n\n## Contributing\nAll contributions welcome :) Add to the VS integration tests for any new or changed functionality if possible.\n\n## Issues and installing previous versions\n\nIf you have any problems with the latest release please log an issue at https://github.com/stevewillcock/grunt-msbuild/issues.\n\nIf you need to roll back to an earlier version you can use the following syntax to install a specific version\n\n```\nnpm install grunt-msbuild@0.1.12\n```\n\nAlso see https://www.npmjs.org/doc/json.html#dependencies for details of how to specify a particular package version in your package.json file\n\n## Release Notes\n\n|Version| Notes|\n|-------|------|\n|2.0|This version replaces exec() with spawn() to improve memory usage and also to support coloured console output. This has been tested internally.\n|0.1.12|Support for MSBuild 12 added|\n|0.1.11|...|\n',
21 silly publish   readmeFilename: 'README.md',
21 silly publish   gitHead: '702f4f9a0ca803508f38372a2e02118eaa6757f7',
21 silly publish   bugs: { url: 'https://github.com/stevewillcock/grunt-msbuild/issues' },
21 silly publish   homepage: 'https://github.com/stevewillcock/grunt-msbuild#readme',
21 silly publish   _id: 'grunt-msbuild@0.3.7',
21 silly publish   _shasum: '4932906f356d0f3c5593989595b21b73bb492569',
21 silly publish   _from: '.' }
22 verbose getPublishConfig undefined
23 silly mapToRegistry name grunt-msbuild
24 silly mapToRegistry using default registry
25 silly mapToRegistry registry https://registry.npmjs.org/
26 silly mapToRegistry data Result {
26 silly mapToRegistry   raw: 'grunt-msbuild',
26 silly mapToRegistry   scope: null,
26 silly mapToRegistry   escapedName: 'grunt-msbuild',
26 silly mapToRegistry   name: 'grunt-msbuild',
26 silly mapToRegistry   rawSpec: '',
26 silly mapToRegistry   spec: 'latest',
26 silly mapToRegistry   type: 'tag' }
27 silly mapToRegistry uri https://registry.npmjs.org/grunt-msbuild
28 verbose publish registryBase https://registry.npmjs.org/
29 silly publish uploading C:\Users\steve\AppData\Roaming\npm-cache\grunt-msbuild\0.3.7\package.tgz
30 verbose request uri https://registry.npmjs.org/grunt-msbuild
31 verbose request sending authorization for write operation
32 info attempt registry request try #1 at 9:49:00 PM
33 verbose request using bearer token for auth
34 verbose request id de7f6c2c867cb85f
35 http request PUT https://registry.npmjs.org/grunt-msbuild
36 http 403 https://registry.npmjs.org/grunt-msbuild
37 verbose headers { 'content-type': 'application/json',
37 verbose headers   'cache-control': 'max-age=300',
37 verbose headers   'content-length': '95',
37 verbose headers   'accept-ranges': 'bytes',
37 verbose headers   date: 'Mon, 12 Dec 2016 21:49:01 GMT',
37 verbose headers   via: '1.1 varnish',
37 verbose headers   connection: 'keep-alive',
37 verbose headers   'x-served-by': 'cache-lhr6325-LHR',
37 verbose headers   'x-cache': 'MISS',
37 verbose headers   'x-cache-hits': '0',
37 verbose headers   'x-timer': 'S1481579340.272009,VS0,VE1068',
37 verbose headers   vary: 'Accept-Encoding' }
38 verbose request invalidating C:\Users\steve\AppData\Roaming\npm-cache\registry.npmjs.org\grunt-msbuild on PUT
39 error publish Failed PUT 403
40 verbose stack Error: "You cannot publish over the previously published version 0.3.7." : grunt-msbuild
40 verbose stack     at makeError (C:\Program Files\nodejs\node_modules\npm\node_modules\npm-registry-client\lib\request.js:302:12)
40 verbose stack     at CachingRegistryClient.<anonymous> (C:\Program Files\nodejs\node_modules\npm\node_modules\npm-registry-client\lib\request.js:290:14)
40 verbose stack     at Request._callback (C:\Program Files\nodejs\node_modules\npm\node_modules\npm-registry-client\lib\request.js:210:14)
40 verbose stack     at Request.self.callback (C:\Program Files\nodejs\node_modules\npm\node_modules\request\request.js:187:22)
40 verbose stack     at emitTwo (events.js:106:13)
40 verbose stack     at Request.emit (events.js:191:7)
40 verbose stack     at Request.<anonymous> (C:\Program Files\nodejs\node_modules\npm\node_modules\request\request.js:1044:10)
40 verbose stack     at emitOne (events.js:96:13)
40 verbose stack     at Request.emit (events.js:188:7)
40 verbose stack     at IncomingMessage.<anonymous> (C:\Program Files\nodejs\node_modules\npm\node_modules\request\request.js:965:12)
41 verbose statusCode 403
42 verbose pkgid grunt-msbuild
43 verbose cwd C:\work\grunt-msbuild
44 error Windows_NT 10.0.14393
45 error argv "C:\\Program Files\\nodejs\\node.exe" "C:\\Program Files\\nodejs\\node_modules\\npm\\bin\\npm-cli.js" "publish"
46 error node v6.9.1
47 error npm  v3.10.8
48 error code E403
49 error "You cannot publish over the previously published version 0.3.7." : grunt-msbuild
50 error If you need help, you may report this error at:
50 error     <https://github.com/npm/npm/issues>
51 verbose exit [ 1, true ]
